  main.cpp
D:\fili\MyCpp\Learn\VS\Metaball_2D\main.cpp(56,79): warning C4244: '引數': 將 'double' 轉換為 '_Tp'，由於類型不同，可能導致資料遺失
          with
          [
              _Tp=int
          ]
D:\fili\MyCpp\Learn\VS\Metaball_2D\main.cpp(56,52): warning C4244: '引數': 將 'double' 轉換為 '_Tp'，由於類型不同，可能導致資料遺失
          with
          [
              _Tp=int
          ]
D:\fili\MyCpp\Learn\VS\Metaball_2D\main.cpp(56,190): warning C4244: '引數': 將 'double' 轉換為 '_Tp'，由於類型不同，可能導致資料遺失
          with
          [
              _Tp=int
          ]
D:\fili\MyCpp\Learn\VS\Metaball_2D\main.cpp(56,138): warning C4244: '引數': 將 'double' 轉換為 '_Tp'，由於類型不同，可能導致資料遺失
          with
          [
              _Tp=int
          ]
D:\fili\MyCpp\Learn\VS\Metaball_2D\main.cpp(57,79): warning C4244: '引數': 將 'double' 轉換為 '_Tp'，由於類型不同，可能導致資料遺失
          with
          [
              _Tp=int
          ]
D:\fili\MyCpp\Learn\VS\Metaball_2D\main.cpp(57,52): warning C4244: '引數': 將 'double' 轉換為 '_Tp'，由於類型不同，可能導致資料遺失
          with
          [
              _Tp=int
          ]
D:\fili\MyCpp\Learn\VS\Metaball_2D\main.cpp(57,190): warning C4244: '引數': 將 'double' 轉換為 '_Tp'，由於類型不同，可能導致資料遺失
          with
          [
              _Tp=int
          ]
D:\fili\MyCpp\Learn\VS\Metaball_2D\main.cpp(57,138): warning C4244: '引數': 將 'double' 轉換為 '_Tp'，由於類型不同，可能導致資料遺失
          with
          [
              _Tp=int
          ]
D:\fili\MyCpp\Learn\VS\Metaball_2D\main.cpp(61,81): warning C4244: '引數': 將 'double' 轉換為 '_Tp'，由於類型不同，可能導致資料遺失
          with
          [
              _Tp=int
          ]
D:\fili\MyCpp\Learn\VS\Metaball_2D\main.cpp(61,53): warning C4244: '引數': 將 'double' 轉換為 '_Tp'，由於類型不同，可能導致資料遺失
          with
          [
              _Tp=int
          ]
D:\fili\MyCpp\Learn\VS\Metaball_2D\main.cpp(61,196): warning C4244: '引數': 將 'double' 轉換為 '_Tp'，由於類型不同，可能導致資料遺失
          with
          [
              _Tp=int
          ]
D:\fili\MyCpp\Learn\VS\Metaball_2D\main.cpp(61,142): warning C4244: '引數': 將 'double' 轉換為 '_Tp'，由於類型不同，可能導致資料遺失
          with
          [
              _Tp=int
          ]
  Metaball_2D.vcxproj -> D:\fili\MyCpp\Learn\VS\Metaball_2D\x64\Debug\Metaball_2D.exe
